<?xml version="1.0" encoding="UTF-8"?>
<!-- Generated by org.testng.reporters.JUnitXMLReporter -->
<testsuite hostname="PC-NAVEEN" ignored="2" name="Test1" tests="1" failures="0" timestamp="07 Jun 2018 10:04:07 GMT" time="18.055" errors="0">
  <testcase name="verify_login" time="5.96" classname="pages.srs.TestExecution"/>
  <testcase name="verfity_homepage" time="0.0" classname="pages.srs.TestExecution">
    <ignored/>
  </testcase> <!-- verfity_homepage -->
  <testcase name="branchcreation" time="0.0" classname="pages.srs.TestExecution">
    <ignored/>
  </testcase> <!-- branchcreation -->
</testsuite> <!-- Test1 -->
