<?xml version="1.0" encoding="UTF-8"?>
<!-- Generated by org.testng.reporters.JUnitXMLReporter -->
<testsuite hostname="PC-NAVEEN" ignored="0" name="Test2" tests="3" failures="0" timestamp="07 Jun 2018 10:04:35 GMT" time="27.861" errors="0">
  <testcase name="verify_login" time="3.308" classname="pages.srs.TestExecution"/>
  <testcase name="verfity_homepage" time="0.807" classname="pages.srs.TestExecution"/>
  <testcase name="branchcreation" time="14.526" classname="pages.srs.TestExecution"/>
</testsuite> <!-- Test2 -->
