<?xml version="1.0" encoding="UTF-8"?>
<!-- Generated by org.testng.reporters.JUnitXMLReporter -->
<testsuite hostname="PC-NAVEEN" ignored="0" name="Default test" tests="3" failures="0" timestamp="07 Jun 2018 10:00:16 GMT" time="36.84" errors="0">
  <testcase name="verify_login" time="6.168" classname="pages.srs.TestExecution"/>
  <testcase name="verfity_homepage" time="2.552" classname="pages.srs.TestExecution"/>
  <testcase name="branchcreation" time="15.88" classname="pages.srs.TestExecution"/>
</testsuite> <!-- Default test -->
